C51 COMPILER V9.01   MAIN                                                                  07/02/2017 20:02:35 PAGE 1   


C51 COMPILER V9.01, COMPILATION OF MODULE MAIN
OBJECT MODULE PLACED IN main.OBJ
COMPILER INVOKED BY: D:\Program Files\Keil\C51\BIN\C51.EXE main.c BROWSE DEBUG OBJECTEXTEND

line level    source

   1          #include "lcd.h"
   2          
   3          typedef unsigned int u16;
   4          typedef unsigned char u8;
   5          
   6          u8 Disp[]="Hello World Good";
   7          
   8          void main(){
   9   1              u8 i=0,j=0;
  10   1      
  11   1              while(1){
  12   2                      LcdInit();
  13   2              //      LcdWriteCom(0x01);
  14   2              //      LcdWriteCom(0x80+0x40); 
  15   2                      for(i=j;i<16;i++){
  16   3                              LcdWriteData(Disp[i]);
  17   3                      }
  18   2                      j++;
  19   2                      if(j%16==0){
  20   3                              j=0;
  21   3                      }
  22   2                      Lcd1602_Delay1ms(500);
  23   2              }
  24   1      }


MODULE INFORMATION:   STATIC OVERLAYABLE
   CODE SIZE        =     51    ----
   CONSTANT SIZE    =   ----    ----
   XDATA SIZE       =   ----    ----
   PDATA SIZE       =   ----    ----
   DATA SIZE        =     17       2
   IDATA SIZE       =   ----    ----
   BIT SIZE         =   ----    ----
END OF MODULE INFORMATION.


C51 COMPILATION COMPLETE.  0 WARNING(S),  0 ERROR(S)
