C51 COMPILER V9.01   MAIN                                                                  07/02/2017 15:50:53 PAGE 1   


C51 COMPILER V9.01, COMPILATION OF MODULE MAIN
OBJECT MODULE PLACED IN main.OBJ
COMPILER INVOKED BY: D:\Program Files\Keil\C51\BIN\C51.EXE main.c BROWSE DEBUG OBJECTEXTEND

line level    source

   1          #include <reg51.h>
   2          
   3          typedef unsigned int u16;
   4          typedef unsigned char u8;
   5          
   6          sbit PWM=P2^1;
   7          bit DIR;
   8          
   9          u16 count,value,timer1;
  10          
  11          void Timer1Init(){
  12   1              TMOD|=0x10;
  13   1      
  14   1              TH1=0xff;
  15   1              TL1=0xff; //1us
  16   1      
  17   1              ET1=1;
  18   1              EA=1;
  19   1              TR1=1;
  20   1      }
  21          
  22          void main(){
  23   1              Timer1Init();
  24   1              while(1){
  25   2                      if(count>100){
  26   3                              count=0;
  27   3                              if(DIR==1){
  28   4                                      value+=10;
  29   4                              }
  30   3                              if(DIR==0){
  31   4                                      value-=10;
  32   4                              }
  33   3                      }               
  34   2                      if(value==1000){
  35   3                              DIR=0;
  36   3                      }
  37   2                      if(value==0){
  38   3                              DIR=1;
  39   3                      }
  40   2                      if(timer1>1000){//PWMÖÜÆÚÎª1000*1us
  41   3                              timer1=0;
  42   3                      }
  43   2                      if(timer1<value){
  44   3                              PWM=1;
  45   3                      }else{
  46   3                              PWM=0;
  47   3                      }
  48   2              }
  49   1      }
  50          
  51          void Timera1(void) interrupt 3{
  52   1              TH1=0xff;
  53   1              TL1=0xff;
  54   1              timer1++;
  55   1              count++;
C51 COMPILER V9.01   MAIN                                                                  07/02/2017 15:50:53 PAGE 2   

  56   1      }


MODULE INFORMATION:   STATIC OVERLAYABLE
   CODE SIZE        =    146    ----
   CONSTANT SIZE    =   ----    ----
   XDATA SIZE       =   ----    ----
   PDATA SIZE       =   ----    ----
   DATA SIZE        =      6    ----
   IDATA SIZE       =   ----    ----
   BIT SIZE         =      1    ----
END OF MODULE INFORMATION.


C51 COMPILATION COMPLETE.  0 WARNING(S),  0 ERROR(S)
