C51 COMPILER V9.01   MAIN                                                                  07/09/2017 17:59:09 PAGE 1   


C51 COMPILER V9.01, COMPILATION OF MODULE MAIN
OBJECT MODULE PLACED IN main.OBJ
COMPILER INVOKED BY: D:\Program Files\Keil\C51\BIN\C51.EXE main.c BROWSE DEBUG OBJECTEXTEND

line level    source

   1          #include "st7565.h"
   2          #include "pic.h"
   3          
   4          typedef unsigned int u16;
   5          typedef unsigned char u8;
   6          
   7          void Delay10ms(u16 c);
   8          void shuaping();
   9          void showChar();
  10          
  11          void main(){
  12   1              u8 i,j;
  13   1              u16 n;
  14   1              Lcd12864_Init();
  15   1              Lcd12864_ClearScreen();
  16   1              for(i=0;i<8;i++){
  17   2                      Lcd7565_WriteCmd(0x40);
  18   2                      Lcd7565_WriteCmd(0xb0+i);
  19   2                      Lcd7565_WriteCmd(0x10);
  20   2                      Lcd7565_WriteCmd(0x04);
  21   2      
  22   2                      for(j=0;j<128;j++){
  23   3                              Lcd7565_WriteData(pic[n]);
  24   3                              n=n+1;
  25   3                      }
  26   2              }
  27   1              while(1);
  28   1      }
  29          
  30          void Delay10ms(u16 c){
  31   1              u8 a,b;
  32   1              for(;c>0;c--){
  33   2                      for(b=38;b>0;b--){
  34   3                              for(a=130;a>0;a--);
  35   3                      }
  36   2              }
  37   1      }
  38          
  39          void shuaping(){
  40   1              uchar i,j;
  41   1              Lcd12864_Init();
  42   1              Lcd12864_ClearScreen();
  43   1              while(1){
  44   2                      for(i=0;i<8;i++){
  45   3                              Lcd7565_WriteCmd(0xb0+i);
  46   3                              Lcd7565_WriteCmd(0x10);
  47   3                              Lcd7565_WriteCmd(0x04);
  48   3                              for(j=0;j<128;j++){
  49   4                                      Lcd7565_WriteData(0xff);
  50   4                                      Delay10ms(1);
  51   4                              }
  52   3                      }
  53   2                      for(i=0;i<8;i++){
  54   3                              Lcd7565_WriteCmd(0xb0+i);
  55   3                              Lcd7565_WriteCmd(0x10);
C51 COMPILER V9.01   MAIN                                                                  07/09/2017 17:59:09 PAGE 2   

  56   3                              Lcd7565_WriteCmd(0x04);
  57   3                              for(j=0;j<128;j++){
  58   4                                      Lcd7565_WriteData(0x00);
  59   4                                      Delay10ms(1);
  60   4                              }
  61   3                      }
  62   2              }
  63   1      }
  64          void showChar(){
  65   1              uchar i;
  66   1              Lcd12864_Init();
  67   1              Lcd12864_ClearScreen();
  68   1              while(1){
  69   2                      for (i=0; i<8; i += 1)
  70   2                      {
  71   3                              Lcd12864_ClearScreen();
  72   3      
  73   3                              //--由于这个函数显示方向正好相反--//
  74   3                              Lcd12864_Write16CnCHAR(0, i, "陈金平我爱你！");
  75   3                              Delay10ms(100);
  76   3                      }
  77   2              }
  78   1      }


MODULE INFORMATION:   STATIC OVERLAYABLE
   CODE SIZE        =    265    ----
   CONSTANT SIZE    =   1039    ----
   XDATA SIZE       =   ----    ----
   PDATA SIZE       =   ----    ----
   DATA SIZE        =   ----       7
   IDATA SIZE       =   ----    ----
   BIT SIZE         =   ----    ----
END OF MODULE INFORMATION.


C51 COMPILATION COMPLETE.  0 WARNING(S),  0 ERROR(S)
