C51 COMPILER V9.01   MAIN                                                                  07/02/2017 10:24:08 PAGE 1   


C51 COMPILER V9.01, COMPILATION OF MODULE MAIN
OBJECT MODULE PLACED IN main.OBJ
COMPILER INVOKED BY: D:\Program Files\Keil\C51\BIN\C51.EXE main.c BROWSE DEBUG OBJECTEXTEND

line level    source

   1          #include "XPT2046.h"
   2          
   3          typedef unsigned int u16;
   4          typedef unsigned char u8;
   5          
   6          sbit LSA=P2^2;
   7          sbit LSB=P2^3;
   8          sbit LSC=P2^4;
   9          
  10          u8 disp[4];
  11          u8 code smgduan[10]={0x3f,0x06,0x5b,0x4f,0x66,0x6d,0x7d,0x07,0x7f,0x6f};
  12          
  13          void delay(u16 i){
  14   1              while(i--);
  15   1      }
  16          
  17          void datapros(){
  18   1              u16 temp;
  19   1              static u8 i;
  20   1              if(i==50){
  21   2                      i=0;
  22   2                      //temp=Read_AD_Data(0x94);  //电位器
  23   2                      //temp=Read_AD_Data(0xA4);//光敏电阻
  24   2                      temp=Read_AD_Data(0xD4);
  25   2              }
  26   1              i++;
  27   1              disp[0]=smgduan[temp/1000];//千位
  28   1              disp[1]=smgduan[temp%1000/100];//百位
  29   1              disp[2]=smgduan[temp%1000%100/10];//个位
  30   1              disp[3]=smgduan[temp%1000%100%10];              
  31   1      }
  32          
  33          void DigDisplay(){
  34   1              u8 i;
  35   1              for(i=0;i<4;i++){
  36   2                      switch(i){
  37   3                              case(0):
  38   3                                      LSA=0;LSB=0;LSC=0; break;//显示第0位
  39   3                              case(1):
  40   3                                      LSA=1;LSB=0;LSC=0; break;//显示第1位
  41   3                              case(2):
  42   3                                      LSA=0;LSB=1;LSC=0; break;//显示第2位
  43   3                              case(3):
  44   3                                      LSA=1;LSB=1;LSC=0; break;//显示第3位    
  45   3                      }
  46   2                      P0=disp[i];
  47   2                      delay(100);
  48   2                      P0=0x00;
  49   2              }
  50   1      }
  51          
  52          void main(){
  53   1              while(1){
  54   2                      datapros();
  55   2                      DigDisplay();
C51 COMPILER V9.01   MAIN                                                                  07/02/2017 10:24:08 PAGE 2   

  56   2              }
  57   1      }


MODULE INFORMATION:   STATIC OVERLAYABLE
   CODE SIZE        =    229    ----
   CONSTANT SIZE    =     10    ----
   XDATA SIZE       =   ----    ----
   PDATA SIZE       =   ----    ----
   DATA SIZE        =      5       2
   IDATA SIZE       =   ----    ----
   BIT SIZE         =   ----    ----
END OF MODULE INFORMATION.


C51 COMPILATION COMPLETE.  0 WARNING(S),  0 ERROR(S)
