C51 COMPILER V9.01   MAIN                                                                  06/10/2017 22:47:32 PAGE 1   


C51 COMPILER V9.01, COMPILATION OF MODULE MAIN
OBJECT MODULE PLACED IN main.OBJ
COMPILER INVOKED BY: D:\Program Files\Keil\C51\BIN\C51.EXE main.c BROWSE DEBUG OBJECTEXTEND

line level    source

   1          #include "reg51.h"
   2          
   3          typedef unsigned char u8;
   4          typedef unsigned int u16;
   5          
   6          #define SPEED 200
   7          
   8          sbit moto=P1^0;
   9          sbit motoa=P1^0;
  10          sbit motob=P1^1;
  11          sbit motoc=P1^2;
  12          sbit motod=P1^3;
  13          
  14          void delay(u16 i);
  15          void mada();
  16          void bujindianji();
  17          
  18          void main(){
  19   1              bujindianji();  
  20   1      }
  21          
  22          void bujindianji(){
  23   1              P1=0x00;
  24   1              while(1){
  25   2                      //A+
  26   2                      motoa=1;
  27   2                      motob=0;
  28   2                      motoc=1;
  29   2                      motod=1;
  30   2                      delay(SPEED);
  31   2                      //A-
  32   2                      motoa=0;
  33   2                      motob=1;
  34   2                      motoc=1;
  35   2                      motod=1;
  36   2                      delay(SPEED);
  37   2                      //
  38   2                      motoa=1;
  39   2                      motob=1;
  40   2                      motoc=1;
  41   2                      motod=0;
  42   2                      delay(SPEED);
  43   2                      //
  44   2                      motoa=1;
  45   2                      motob=1;
  46   2                      motoc=0;
  47   2                      motod=1;
  48   2                      delay(SPEED);
  49   2              }       
  50   1      }       
  51          
  52          void delay(u16 i){
  53   1              while(i--);
  54   1      }
  55          
C51 COMPILER V9.01   MAIN                                                                  06/10/2017 22:47:32 PAGE 2   

  56          void mada(){
  57   1              u8 i=0;
  58   1              for(i=0;i<100;i++){
  59   2                      moto=1;
  60   2                      delay(5000);
  61   2              }
  62   1              moto=0;
  63   1              while(1);
  64   1      }


MODULE INFORMATION:   STATIC OVERLAYABLE
   CODE SIZE        =     80    ----
   CONSTANT SIZE    =   ----    ----
   XDATA SIZE       =   ----    ----
   PDATA SIZE       =   ----    ----
   DATA SIZE        =   ----    ----
   IDATA SIZE       =   ----    ----
   BIT SIZE         =   ----    ----
END OF MODULE INFORMATION.


C51 COMPILATION COMPLETE.  0 WARNING(S),  0 ERROR(S)
