C51 COMPILER V9.01   MAIN                                                                  06/13/2017 20:08:56 PAGE 1   


C51 COMPILER V9.01, COMPILATION OF MODULE MAIN
OBJECT MODULE PLACED IN main.OBJ
COMPILER INVOKED BY: D:\Program Files\Keil\C51\BIN\C51.EXE main.c BROWSE DEBUG OBJECTEXTEND

line level    source

   1          #include "reg51.h"
   2          #include "intrins.h"
   3          #include "string.h"
   4          
   5          typedef unsigned char u8;
   6          typedef unsigned int u16;
   7          
   8          sbit SRCLK=P3^6;
   9          sbit RCLK=P3^5;
  10          sbit SER=P3^4;
  11          
  12          void delay(u16 i);
  13          void Hc595SendByte(u8 dat1,u8 dat2,u8 dat3,u8 dat4);
  14          void showOneWord(u8 w[]);
  15          u8* moveLeft(u8 word[],u8 num);
  16          
  17          
  18          u8 code ledduan[]={
  19                                             /*--  文字:  李  --*/
  20          /*--  宋体12;  此字体下对应的点阵为：宽x高=16x16   --*/
  21          0x80,0x84,0x44,0x44,0x24,0x14,0x0C,0xFF,0x0C,0x14,0x24,0x44,0x44,0x84,0x80,0x00,
  22          0x08,0x08,0x08,0x08,0x09,0x49,0x89,0x79,0x0D,0x0B,0x09,0x08,0x08,0x08,0x08,0x00,
  23          
  24          /*--  文字:  翠  --*/
  25          /*--  宋体12;  此字体下对应的点阵为：宽x高=16x16   --*/
  26          0x00,0x22,0x26,0x1A,0x12,0x02,0x7E,0x80,0x22,0x26,0x1A,0x12,0x02,0x7E,0x00,0x00,
  27          0x20,0x21,0x29,0x25,0x23,0x25,0x29,0xF1,0x29,0x25,0x23,0x25,0x29,0x21,0x20,0x00,
  28          
  29          /*--  文字:  姐  --*/
  30          /*--  宋体12;  此字体下对应的点阵为：宽x高=16x16   --*/
  31          0x10,0x10,0xF0,0x1F,0x10,0xF0,0x00,0xFE,0x22,0x22,0x22,0x22,0xFE,0x00,0x00,0x00,
  32          0x40,0x22,0x15,0x08,0x16,0x61,0x40,0x7F,0x42,0x42,0x42,0x42,0x7F,0x40,0x40,0x00,
  33          
  34          /*--  文字:  生  --*/
  35          /*--  宋体12;  此字体下对应的点阵为：宽x高=16x16   --*/
  36          0x80,0x40,0x30,0x1E,0x10,0x10,0x10,0xFF,0x10,0x10,0x10,0x10,0x10,0x10,0x00,0x00,
  37          0x40,0x40,0x42,0x42,0x42,0x42,0x42,0x7F,0x42,0x42,0x42,0x42,0x42,0x40,0x40,0x00,
  38          
  39          /*--  文字:  日  --*/
  40          /*--  宋体12;  此字体下对应的点阵为：宽x高=16x16   --*/
  41          0x00,0x00,0x00,0xFE,0x82,0x82,0x82,0x82,0x82,0x82,0x82,0xFE,0x00,0x00,0x00,0x00,
  42          0x00,0x00,0x00,0xFF,0x40,0x40,0x40,0x40,0x40,0x40,0x40,0xFF,0x00,0x00,0x00,0x00,
  43          
  44          /*--  文字:  快  --*/
  45          /*--  宋体12;  此字体下对应的点阵为：宽x高=16x16   --*/
  46          0x00,0xE0,0x00,0xFF,0x10,0x20,0x08,0x08,0x08,0xFF,0x08,0x08,0xF8,0x00,0x00,0x00,
  47          0x01,0x00,0x00,0xFF,0x00,0x81,0x41,0x31,0x0D,0x03,0x0D,0x31,0x41,0x81,0x81,0x00,
  48          
  49          /*--  文字:  乐  --*/
  50          /*--  宋体12;  此字体下对应的点阵为：宽x高=16x16   --*/
  51          0x00,0x00,0xE0,0x9C,0x84,0x84,0x84,0xF4,0x82,0x82,0x83,0x82,0x80,0x80,0x00,0x00,
  52          0x00,0x20,0x10,0x08,0x06,0x40,0x80,0x7F,0x00,0x00,0x02,0x04,0x08,0x30,0x00,0x00,
  53          
  54          /*--  调入了一幅图像：C:\Users\Thinkpad\Desktop\timg (1).bmp  --*/
  55          /*--  宽度x高度=16x16  --*/
C51 COMPILER V9.01   MAIN                                                                  06/13/2017 20:08:56 PAGE 2   

  56          0x00,0x00,0xE0,0x20,0x60,0x7F,0x7F,0x7F,0x7F,0x7F,0x62,0x60,0x20,0xE0,0x00,0x00,
  57          0xC0,0xE0,0xA6,0xFE,0x7C,0xFE,0xFF,0xFE,0xFE,0xFC,0xFF,0xFE,0x7C,0x47,0x80,0xC0
  58          };
  59          u8 code ledwei[]={
  60                  0x01,0x02,0x04,0x08,0x10,0x20,0x40,0x80,
  61                  0x00,0x00,0x00,0x00,0x00,0x00,0x00,0x00,
  62                  0x00,0x00,0x00,0x00,0x00,0x00,0x00,0x00,
  63                  0x01,0x02,0x04,0x08,0x10,0x20,0x40,0x80
  64          };
  65          void main(){
  66   1              u8 word[32];
  67   1              u16 i=0;
  68   1              u8 len=sizeof(ledduan)/sizeof(u8)/2;
  69   1              while(1){
  70   2                      i%=len;
  71   2                      showOneWord(moveLeft(word,i++));
  72   2                      delay(3000);
  73   2              }       
  74   1      }
  75          u8* moveLeft(u8 word[],u8 num){
  76   1              u8 seq,m,n,i;
  77   1              u8 len=sizeof(ledduan)/sizeof(u8)/2;
  78   1              num=num%len;
  79   1              seq=num/16;
  80   1              m=seq*16+num;
  81   1              n=m+16;
  82   1              i=16-(num%16);
  83   1              memcpy(word,ledduan+m,i);
  84   1              memcpy(word+16,ledduan+n,i);
  85   1              if(num+16<=len){
  86   2                      memcpy(word+i,ledduan+16+m+i,16-i);
  87   2                      memcpy(word+16+i,ledduan+16+n+i,16-i);
  88   2              }else{
  89   2                      memcpy(word+i,ledduan,16-i);
  90   2                      memcpy(word+16+i,ledduan+16,16-i);              
  91   2              }
  92   1              
  93   1              return word;    
  94   1      }
  95          void showOneWord(u8 w[]){
  96   1              u8 i;
  97   1              for(i=0;i<16;i++){
  98   2                      Hc595SendByte(~ledwei[i+16],~ledwei[i],w[i+16],w[i]);   
  99   2              }
 100   1      }
 101          void delay(u16 i){
 102   1              while(i--);
 103   1      }
 104          
 105          void Hc595SendByte(u8 dat1,u8 dat2,u8 dat3,u8 dat4){
 106   1              u8 a;
 107   1              SRCLK=1;
 108   1              RCLK=1;
 109   1      
 110   1              for(a=0;a<8;a++){
 111   2                      SER=dat1>>7;
 112   2                      dat1<<=1;
 113   2                      SRCLK=0;
 114   2                      _nop_();
 115   2                      _nop_();
 116   2                      SRCLK=1;
 117   2              }
C51 COMPILER V9.01   MAIN                                                                  06/13/2017 20:08:56 PAGE 3   

 118   1              for(a=0;a<8;a++){
 119   2                      SER=dat2>>7;
 120   2                      dat2<<=1;
 121   2                      SRCLK=0;
 122   2                      _nop_();
 123   2                      _nop_();
 124   2                      SRCLK=1;
 125   2              }
 126   1              for(a=0;a<8;a++){
 127   2                      SER=dat3>>7;
 128   2                      dat3<<=1;
 129   2                      SRCLK=0;
 130   2                      _nop_();
 131   2                      _nop_();
 132   2                      SRCLK=1;
 133   2              }
 134   1              for(a=0;a<8;a++){
 135   2                      SER=dat4>>7;
 136   2                      dat4<<=1;
 137   2                      SRCLK=0;
 138   2                      _nop_();
 139   2                      _nop_();
 140   2                      SRCLK=1;
 141   2              }
 142   1      
 143   1              RCLK=0;
 144   1              _nop_();
 145   1              _nop_();
 146   1              RCLK=1;
 147   1      }
 148          


MODULE INFORMATION:   STATIC OVERLAYABLE
   CODE SIZE        =    596    ----
   CONSTANT SIZE    =    288    ----
   XDATA SIZE       =   ----    ----
   PDATA SIZE       =   ----    ----
   DATA SIZE        =   ----      51
   IDATA SIZE       =   ----    ----
   BIT SIZE         =   ----    ----
END OF MODULE INFORMATION.


C51 COMPILATION COMPLETE.  0 WARNING(S),  0 ERROR(S)
