C51 COMPILER V9.01   I2C                                                                   06/19/2017 22:46:48 PAGE 1   


C51 COMPILER V9.01, COMPILATION OF MODULE I2C
OBJECT MODULE PLACED IN i2c.OBJ
COMPILER INVOKED BY: D:\Program Files\Keil\C51\BIN\C51.EXE i2c.c BROWSE DEBUG OBJECTEXTEND

line level    source

   1          #include "i2c.h"
   2          
   3          void Delay10us(void){
   4   1              unsigned char a,b;
   5   1              for(b=1;b>0;b--){
   6   2                      for(a=2;a>0;a--);
   7   2              }
   8   1      }
   9          
  10          void I2cStart(){
  11   1              SDA=1;
  12   1              Delay10us();
  13   1              SCL=1;
  14   1              Delay10us();
  15   1              SDA=0;
  16   1              Delay10us();
  17   1              SCL=0;
  18   1              Delay10us();
  19   1      }
  20          
  21          void I2cStop(){
  22   1              SDA=0;
  23   1              Delay10us();
  24   1              SCL=1;
  25   1              Delay10us();
  26   1              SDA=1;
  27   1              Delay10us();
  28   1      }
  29          
  30          unsigned char I2cSendByte(unsigned char dat){
  31   1              unsigned char a=0,b=0;
  32   1              for(a=0;a<8;a++){
  33   2                      SDA=dat>>7;
  34   2                      dat<<=1;
  35   2                      Delay10us();
  36   2                      SCL=1;
  37   2                      Delay10us();
  38   2                      SCL=0;
  39   2                      Delay10us();
  40   2              }
  41   1              SDA=1;
  42   1              Delay10us();
  43   1              SCL=1;
  44   1              while(SDA){//µÈ´ýÓ¦´ð
  45   2                      b++;    
  46   2                      if(b>200){
  47   3                              SCL=0;
  48   3                              Delay10us();
  49   3                              return 0;
  50   3                      }
  51   2              }
  52   1              SCL=0;
  53   1              Delay10us();
  54   1              return 1;
  55   1      }
C51 COMPILER V9.01   I2C                                                                   06/19/2017 22:46:48 PAGE 2   

  56          
  57          unsigned char I2cReadByte(){
  58   1              unsigned char dat=0,a=0;
  59   1              SDA=1;
  60   1              Delay10us();
  61   1              for(a=0;a<8;a++){
  62   2                      SCL=1;
  63   2                      Delay10us();
  64   2                      dat<<=1;
  65   2                      dat|=SDA;
  66   2                      Delay10us();
  67   2                      SCL=0;
  68   2                      Delay10us();
  69   2              }
  70   1              return dat;
  71   1      }
  72          
  73          void At24c02Write(unsigned char addr,unsigned char dat){
  74   1              I2cStart();
  75   1              I2cSendByte(0xa0);
  76   1              I2cSendByte(addr);
  77   1              I2cSendByte(dat);
  78   1              I2cStop();
  79   1      }
  80                  
  81          unsigned char At24c02Read(unsigned char addr){
  82   1              unsigned char num=0;
  83   1              I2cStart();
  84   1              I2cSendByte(0xa0);
  85   1              I2cSendByte(addr);
  86   1              
  87   1              I2cStart();
  88   1              I2cSendByte(0xa1);
  89   1              I2cSendByte(addr); 
  90   1              num=I2cReadByte();
  91   1              I2cStop();
  92   1              
  93   1              return num;     
  94   1      }


MODULE INFORMATION:   STATIC OVERLAYABLE
   CODE SIZE        =    198    ----
   CONSTANT SIZE    =   ----    ----
   XDATA SIZE       =   ----    ----
   PDATA SIZE       =   ----    ----
   DATA SIZE        =   ----    ----
   IDATA SIZE       =   ----    ----
   BIT SIZE         =   ----    ----
END OF MODULE INFORMATION.


C51 COMPILATION COMPLETE.  0 WARNING(S),  0 ERROR(S)
