C51 COMPILER V9.01   MAIN                                                                  06/19/2017 22:46:47 PAGE 1   


C51 COMPILER V9.01, COMPILATION OF MODULE MAIN
OBJECT MODULE PLACED IN main.OBJ
COMPILER INVOKED BY: D:\Program Files\Keil\C51\BIN\C51.EXE main.c BROWSE DEBUG OBJECTEXTEND

line level    source

   1          #include "i2c.h"
   2          
   3          typedef unsigned char u8;
   4          typedef unsigned int u16;
   5          
   6          sbit k1=P3^1;
   7          sbit k2=P3^0;
   8          sbit k3=P3^2;
   9          sbit k4=P3^3;
  10          
  11          sbit LSA=P2^2;
  12          sbit LSB=P2^3;
  13          sbit LSC=P2^4;
  14          
  15          u8 code smgduan[]={0x3f,0x06,0x5b,0x4f,0x66,0x6d,
  16                                  0x7d,0x07,0x7f,0x6f,0x77,0x7c,0x39,0x5e,0x79,0x71};
  17          u8 num=0;
  18          
  19          void delay(u16 i){
  20   1              while(i--);
  21   1      }
  22          void dongTaiSmg(long num){//¶¯Ì¬ÊýÂë¹Ü
  23   1              u8 i=0,len=8,shu[8]={0};
  24   1              shu[7]=num%10;
  25   1              shu[6]=num/10%10;
  26   1              shu[5]=num/100%10;
  27   1              shu[4]=num/1000%10;
  28   1              shu[3]=num/10000%10;
  29   1              shu[2]=num/100000%10;
  30   1              shu[1]=num/1000000%10;
  31   1              shu[0]=num/10000000%10;
  32   1              for(i=0;i<len;i++){
  33   2                      switch(i+8-len){
  34   3                              case 0:
  35   3                                      LSA=0;LSB=0;LSC=0;
  36   3                                      break;
  37   3                              case 1:
  38   3                                      LSA=1;LSB=0;LSC=0;
  39   3                                      break;
  40   3                              case 2:
  41   3                                      LSA=0;LSB=1;LSC=0;
  42   3                                      break;
  43   3                              case 3:
  44   3                                      LSA=1;LSB=1;LSC=0;
  45   3                                      break;
  46   3                              case 4:
  47   3                                      LSA=0;LSB=0;LSC=1;
  48   3                                      break;
  49   3                              case 5:
  50   3                                      LSA=1;LSB=0;LSC=1;
  51   3                                      break;
  52   3                              case 6:
  53   3                                      LSA=0;LSB=1;LSC=1;
  54   3                                      break;
  55   3                              case 7:
C51 COMPILER V9.01   MAIN                                                                  06/19/2017 22:46:47 PAGE 2   

  56   3                                      LSA=1;LSB=1;LSC=1;
  57   3                                      break;
  58   3                      }
  59   2                      P0=smgduan[shu[i]];
  60   2                      delay(10);
  61   2                      P0=0;
  62   2              }
  63   1      }
  64          
  65          void Keypros(){
  66   1              if(k1==0){
  67   2                      delay(1000);
  68   2                      if(k1==0){
  69   3                              At24c02Write(1,num);
  70   3                      }
  71   2                      while(!k1);
  72   2              }
  73   1              if(k2==0){
  74   2                      delay(1000);
  75   2                      if(k2==0){
  76   3                              num=At24c02Read(1);
  77   3                      }
  78   2                      while(!k2);
  79   2              }
  80   1              if(k3==0){
  81   2                      delay(1000);
  82   2                      if(k3==0){
  83   3                              num++;
  84   3                      }
  85   2                      while(!k3);
  86   2              }
  87   1              if(k4==0){
  88   2                      delay(1000);
  89   2                      if(k4==0){
  90   3                              num=0;
  91   3                      }
  92   2                      while(!k4);
  93   2              }
  94   1      }
  95          
  96          void main(){
  97   1              while(1){
  98   2                      Keypros();
  99   2                      dongTaiSmg(num);
 100   2              }
 101   1      }


MODULE INFORMATION:   STATIC OVERLAYABLE
   CODE SIZE        =    486    ----
   CONSTANT SIZE    =     24    ----
   XDATA SIZE       =   ----    ----
   PDATA SIZE       =   ----    ----
   DATA SIZE        =      1      13
   IDATA SIZE       =   ----    ----
   BIT SIZE         =   ----    ----
END OF MODULE INFORMATION.


C51 COMPILATION COMPLETE.  0 WARNING(S),  0 ERROR(S)
