C51 COMPILER V9.01   MAIN                                                                  06/18/2017 23:03:33 PAGE 1   


C51 COMPILER V9.01, COMPILATION OF MODULE MAIN
OBJECT MODULE PLACED IN main.OBJ
COMPILER INVOKED BY: D:\Program Files\Keil\C51\BIN\C51.EXE main.c BROWSE DEBUG OBJECTEXTEND

line level    source

   1          #include "reg51.h"
   2          
   3          typedef unsigned int u16;
   4          typedef unsigned char u8;
   5          
   6          void usartInit(){
   7   1              TMOD|=0x20;
   8   1              TH1=0xF3;//计数器初始值，波特率4800
   9   1              TL1=0xF3;
  10   1              PCON=0x80;//倍频
  11   1              TR1=1;
  12   1              SCON=0x50;
  13   1              ES=1;//串口中断
  14   1              EA=1;
  15   1      }                               
  16          void main(){
  17   1              usartInit();
  18   1              while(1);
  19   1      }         
  20          void usart() interrupt 4{
  21   1              u8 receiveData;
  22   1              receiveData=SBUF;
  23   1              RI=0;
  24   1              SBUF=receiveData;
  25   1              while(!TI);
  26   1              TI=0;
  27   1      }


MODULE INFORMATION:   STATIC OVERLAYABLE
   CODE SIZE        =     50    ----
   CONSTANT SIZE    =   ----    ----
   XDATA SIZE       =   ----    ----
   PDATA SIZE       =   ----    ----
   DATA SIZE        =   ----    ----
   IDATA SIZE       =   ----    ----
   BIT SIZE         =   ----    ----
END OF MODULE INFORMATION.


C51 COMPILATION COMPLETE.  0 WARNING(S),  0 ERROR(S)
