C51 COMPILER V9.01   MAIN                                                                  06/14/2017 21:57:28 PAGE 1   


C51 COMPILER V9.01, COMPILATION OF MODULE MAIN
OBJECT MODULE PLACED IN main.OBJ
COMPILER INVOKED BY: D:\Program Files\Keil\C51\BIN\C51.EXE main.c BROWSE DEBUG OBJECTEXTEND

line level    source

   1          #include "reg51.h"
   2          
   3          typedef unsigned char u8;
   4          typedef unsigned int u16;
   5          
   6          unsigned char code smg[]={0x3f,0x06,0x5b,0x4f,0x66,0x6d,
   7                                  0x7d,0x07,0x7f,0x6f,0x77,0x7c,0x39,0x5e,0x79,0x71};       //共阴
   8          
   9          sbit led=P0^0;
  10          sbit k3=P3^2;
  11          sbit LSA=P2^2;
  12          sbit LSB=P2^3;
  13          sbit LSC=P2^4;
  14          
  15          #define JTD P1
  16          
  17          void delay(u16 i);
  18          void Int0Init();
  19          void Int0();
  20          void Timer0Init();
  21          void dongTaiSmg(u16 num);
  22          void hor(u8 flag,u8 yell);
  23          void showYellow(u8 flag,u8 yell);
  24          
  25          static u8 count=30,flag=0,yf=0;
  26          
  27          void main(){
  28   1              Timer0Init();
  29   1              while(1){
  30   2                      dongTaiSmg(count);
  31   2                      hor(flag,yf);
  32   2              }
  33   1      }
  34          
  35          void time0Interrupt() interrupt 1{
  36   1              static u16 i=0;
  37   1              TH0=0xfc;
  38   1              TL0=0x18;
  39   1              i++;
  40   1              if(i==1000){//1秒
  41   2                      i=0;
  42   2                      count--;
  43   2                      if(count==0){
  44   3                              count=30;
  45   3                              flag=!flag;
  46   3      
  47   3                      }
  48   2                      if(count<=5){
  49   3                              yf=1;
  50   3                      }else{
  51   3                              yf=0;
  52   3                      }
  53   2              }
  54   1      
  55   1      }
C51 COMPILER V9.01   MAIN                                                                  06/14/2017 21:57:28 PAGE 2   

  56          void Timer0Init(){
  57   1              TMOD|=0x01;
  58   1              TH0=0xfc;
  59   1              TL0=0x18;
  60   1              ET0=1;
  61   1              EA=1;
  62   1              TR0=1;
  63   1      }
  64          void delay(u16 i){
  65   1              while(i--);
  66   1      }
  67          
  68          void Int0Init(){
  69   1              IT0=1;//中断方式--下降沿有效
  70   1              EX0=1;//外部中断0
  71   1              EA=1;//总中断
  72   1      }
  73          
  74          void Int0() interrupt 0{
  75   1              delay(1000);
  76   1              if(k3==0){
  77   2                      led=~led;
  78   2              }
  79   1      }
  80          void dongTaiSmg(u16 num){//动态数码管
  81   1              u8 i=0,len=8,shu[8]={0};
  82   1              shu[7]=num%10;
  83   1              shu[6]=num/10%10;
  84   1              shu[5]=num/100%10;
  85   1              shu[4]=num/1000%10;
  86   1              shu[3]=num/10000%10;
  87   1              shu[2]=num/100000%10;
  88   1              shu[1]=num/1000000%10;
  89   1              shu[0]=num/10000000%10;
  90   1              for(i=0;i<len;i++){
  91   2                      switch(i+8-len){
  92   3                              case 0:
  93   3                                      LSA=0;LSB=0;LSC=0;
  94   3                                      break;
  95   3                              case 1:
  96   3                                      LSA=1;LSB=0;LSC=0;
  97   3                                      break;
  98   3                              case 2:
  99   3                                      LSA=0;LSB=1;LSC=0;
 100   3                                      break;
 101   3                              case 3:
 102   3                                      LSA=1;LSB=1;LSC=0;
 103   3                                      break;
 104   3                              case 4:
 105   3                                      LSA=0;LSB=0;LSC=1;
 106   3                                      break;
 107   3                              case 5:
 108   3                                      LSA=1;LSB=0;LSC=1;
 109   3                                      break;
 110   3                              case 6:
 111   3                                      LSA=0;LSB=1;LSC=1;
 112   3                                      break;
 113   3                              case 7:
 114   3                                      LSA=1;LSB=1;LSC=1;
 115   3                                      break;
 116   3                      }
 117   2                      P0=smg[shu[i]];
C51 COMPILER V9.01   MAIN                                                                  06/14/2017 21:57:28 PAGE 3   

 118   2                      delay(50);
 119   2                      P0=0;
 120   2              }
 121   1      }
 122          void showYellow(u8 flag,u8 show){
 123   1              if(!show)return;
 124   1              if(flag){
 125   2                      JTD^=0x10;
 126   2              }else{
 127   2                      JTD^=0x02;                      
 128   2              }
 129   1      }
 130          void hor(u8 flag,u8 yell){
 131   1              if(flag){
 132   2                      JTD=0xb3;
 133   2              }else{
 134   2                      JTD=0x5e;
 135   2              }
 136   1              showYellow(flag,yell);
 137   1      }


MODULE INFORMATION:   STATIC OVERLAYABLE
   CODE SIZE        =    523    ----
   CONSTANT SIZE    =     24    ----
   XDATA SIZE       =   ----    ----
   PDATA SIZE       =   ----    ----
   DATA SIZE        =      5      11
   IDATA SIZE       =   ----    ----
   BIT SIZE         =   ----    ----
END OF MODULE INFORMATION.


C51 COMPILATION COMPLETE.  0 WARNING(S),  0 ERROR(S)
