C51 COMPILER V9.01   MAIN                                                                  06/10/2017 10:36:53 PAGE 1   


C51 COMPILER V9.01, COMPILATION OF MODULE MAIN
OBJECT MODULE PLACED IN main.OBJ
COMPILER INVOKED BY: D:\Program Files\Keil\C51\BIN\C51.EXE main.c BROWSE DEBUG OBJECTEXTEND

line level    source

   1          #include "reg51.h"
   2          #include "intrins.h"
   3          
   4          #define led P0
   5          #define btn P1
   6          
   7          sbit beep=P1^5;
   8          sbit relay=P1^4;
   9          sbit LSA=P2^2;
  10          sbit LSB=P2^3;
  11          sbit LSC=P2^4;
  12          sbit IN_PL=P1^6;
  13          sbit IN_DATA=P1^7;
  14          sbit SCK=P3^6;
  15          sbit RCLK=P3^5;
  16          sbit SER=P3^4;
  17          
  18          
  19          unsigned char code smg[]={0x3f,0x06,0x5b,0x4f,0x66,0x6d,
  20                                  0x7d,0x07,0x7f,0x6f,0x77,0x7c,0x39,0x5e,0x79,0x71};       //共阴
  21          
  22          void liushuideng();
  23          void delay(int m);
  24          void didi();
  25          void relayFunc();
  26          void staticSmg();
  27          void dongTaiSmg();
  28          void keypros();
  29          void rectKeyBoard();
  30          void useHC165();
  31          void useHC595();
  32          
  33          void main(){
  34   1              useHC595();
  35   1      }
  36          void sendData(unsigned char dat){
  37   1              unsigned char a;
  38   1              for(a=0;a<8;a++){
  39   2                      SER=dat>>7;
  40   2                      dat<<=1;
  41   2                      SCK=0;
  42   2                      delay(1);
  43   2                      SCK=1;
  44   2              }
  45   1              RCLK=0;
  46   1              delay(1);
  47   1              RCLK=1;
  48   1      }
  49          void useHC595(){
  50   1              unsigned char ledNum=0x01;
  51   1              while(1){
  52   2                      sendData(ledNum);
  53   2                      ledNum=_crol_(ledNum,1);
  54   2                      delay(200);
  55   2              }       
C51 COMPILER V9.01   MAIN                                                                  06/10/2017 10:36:53 PAGE 2   

  56   1      }
  57          unsigned char readData(){
  58   1              unsigned char indata=0;
  59   1              unsigned char i=0;
  60   1      
  61   1              IN_PL=0;
  62   1              delay(1);
  63   1              IN_PL=1;
  64   1              for(i=0;i<8;i++){
  65   2                      indata=indata<<1;
  66   2                      SCK=0;
  67   2                      delay(1);
  68   2                      indata|=IN_DATA;
  69   2                      SCK=1;
  70   2              }
  71   1              return indata;
  72   1      }
  73          void useHC165(){//使用74hc165
  74   1               unsigned char h165Value;
  75   1               led=0x00;
  76   1               while(1){
  77   2                      h165Value=readData();
  78   2                      if(h165Value!=0xff){
  79   3                              led=~h165Value;
  80   3                      }
  81   2               }
  82   1      }
  83          void rectKeyBoard(){//矩阵按键
  84   1              unsigned char r=0,c=0;
  85   1              while(1){
  86   2                      btn=0x0f;
  87   2                      if(btn!=0x0f){
  88   3                              delay(50);
  89   3                              if(btn!=0x0f)
  90   3                              switch(btn&0x0f){
  91   4                                      case 0x07:
  92   4                                              c=0;
  93   4                                      break;
  94   4                                      case 0x0b:
  95   4                                              c=1;
  96   4                                              break;
  97   4                                      case 0x0d:
  98   4                                              c=2;
  99   4                                              break;
 100   4                                      case 0x0e:
 101   4                                              c=3;
 102   4                                              break;
 103   4                              }
 104   3                              btn=0xf0;
 105   3                              if(btn!=0xf0){
 106   4                                      delay(50);//消抖
 107   4                                      if(btn!=0xf0)  //确认被按下
 108   4                                      switch((btn&0xf0)>>4){
 109   5                                              case 0x07:
 110   5                                                      r=0;
 111   5                                              break;
 112   5                                              case 0x0b:
 113   5                                                      r=1;
 114   5                                                      break;
 115   5                                              case 0x0d:
 116   5                                                      r=2;
 117   5                                                      break;
C51 COMPILER V9.01   MAIN                                                                  06/10/2017 10:36:53 PAGE 3   

 118   5                                              case 0x0e:
 119   5                                                      r=3;
 120   5                                                      break;                          
 121   5                                      }
 122   4                                      led=~smg[r*4+c];
 123   4                              }
 124   3                      }
 125   2      
 126   2              }
 127   1      }
 128          void keypros(){//独立按键
 129   1              unsigned char _btn;
 130   1              led=0xff;//全不亮
 131   1              while(1){       
 132   2                      _btn=btn&0xff;
 133   2                      if(btn!=0xff){
 134   3                              delay(100);
 135   3                              led=(~led)^_btn;
 136   3                              while(btn!=0xff);       
 137   3                      }
 138   2              }
 139   1      }
 140          void dongTaiSmg(){//动态数码管
 141   1              unsigned char i,j=0;
 142   1              while(1){
 143   2                      for(i=0;i<8;i++){
 144   3                              switch(i){
 145   4                                      case 0:
 146   4                                              LSA=0;LSB=0;LSC=0;
 147   4                                              break;
 148   4                                      case 1:
 149   4                                              LSA=1;LSB=0;LSC=0;
 150   4                                              break;
 151   4                                      case 2:
 152   4                                              LSA=0;LSB=1;LSC=0;
 153   4                                              break;
 154   4                                      case 3:
 155   4                                              LSA=1;LSB=1;LSC=0;
 156   4                                              break;
 157   4                                      case 4:
 158   4                                              LSA=0;LSB=0;LSC=1;
 159   4                                              break;
 160   4                                      case 5:
 161   4                                              LSA=1;LSB=0;LSC=1;
 162   4                                              break;
 163   4                                      case 6:
 164   4                                              LSA=0;LSB=1;LSC=1;
 165   4                                              break;
 166   4                                      case 7:
 167   4                                              LSA=1;LSB=1;LSC=1;
 168   4                                              break;
 169   4                              }
 170   3                              P0=smg[j++%16];
 171   3                              delay(200);
 172   3                              //P0=0x00;
 173   3                      }
 174   2              }
 175   1      }
 176          void staticSmg(){//静态数码管
 177   1              unsigned char i=0;
 178   1              while(1){
 179   2                      P0=~smg[i++%16];
C51 COMPILER V9.01   MAIN                                                                  06/10/2017 10:36:53 PAGE 4   

 180   2                      delay(100);
 181   2              }
 182   1      }
 183          void relayFunc(){//继电器
 184   1              relay=0;
 185   1              while(1);
 186   1      }
 187          
 188          void didi(){//蜂鸣器
 189   1              while(1){
 190   2                      //beep=~beep;
 191   2                      beep=1;
 192   2                      delay(50);
 193   2                      beep=0;
 194   2                      delay(100);
 195   2              }
 196   1      }
 197          void liushuideng(){
 198   1              int i=1;
 199   1              led=0x01;       
 200   1              while(1){
 201   2                 delay(1000);
 202   2                    led=led<<1;
 203   2                 if((i++%8)==0){
 204   3                              led=1;
 205   3                 }
 206   2              }
 207   1      }
 208          void delay(int m){
 209   1              while(m-->0){
 210   2                      int i=110;
 211   2                      while(i-->0){
 212   3                      }
 213   2              }
 214   1      }


MODULE INFORMATION:   STATIC OVERLAYABLE
   CODE SIZE        =    608    ----
   CONSTANT SIZE    =     16    ----
   XDATA SIZE       =   ----    ----
   PDATA SIZE       =   ----    ----
   DATA SIZE        =   ----      15
   IDATA SIZE       =   ----    ----
   BIT SIZE         =   ----    ----
END OF MODULE INFORMATION.


C51 COMPILATION COMPLETE.  0 WARNING(S),  0 ERROR(S)
